2024-12-07 13:39:55 |ERROR |main |SpringApplication.java:821 |org.springframework.boot.SpringApplication |Application run failed
java.lang.IllegalArgumentException: Could not resolve placeholder 'spring.application.name' in value "logs/${spring.application.name}"
	at org.springframework.util.PropertyPlaceholderHelper.parseStringValue(PropertyPlaceholderHelper.java:180)
	at org.springframework.util.PropertyPlaceholderHelper.replacePlaceholders(PropertyPlaceholderHelper.java:126)
	at org.springframework.core.env.AbstractPropertyResolver.doResolvePlaceholders(AbstractPropertyResolver.java:239)
	at org.springframework.core.env.AbstractPropertyResolver.resolveRequiredPlaceholders(AbstractPropertyResolver.java:210)
	at org.springframework.core.env.AbstractPropertyResolver.resolveNestedPlaceholders(AbstractPropertyResolver.java:230)
	at org.springframework.boot.context.properties.source.ConfigurationPropertySourcesPropertyResolver.getProperty(ConfigurationPropertySourcesPropertyResolver.java:79)
	at org.springframework.boot.context.properties.source.ConfigurationPropertySourcesPropertyResolver.getProperty(ConfigurationPropertySourcesPropertyResolver.java:60)
	at org.springframework.core.env.AbstractEnvironment.getProperty(AbstractEnvironment.java:594)
	at org.springframework.boot.logging.LogFile.get(LogFile.java:116)
	at org.springframework.boot.context.logging.LoggingApplicationListener.initialize(LoggingApplicationListener.java:292)
	at org.springframework.boot.context.logging.LoggingApplicationListener.onApplicationEnvironmentPreparedEvent(LoggingApplicationListener.java:246)
	at org.springframework.boot.context.logging.LoggingApplicationListener.onApplicationEvent(LoggingApplicationListener.java:223)
	at org.springframework.context.event.SimpleApplicationEventMulticaster.doInvokeListener(SimpleApplicationEventMulticaster.java:176)
	at org.springframework.context.event.SimpleApplicationEventMulticaster.invokeListener(SimpleApplicationEventMulticaster.java:169)
	at org.springframework.context.event.SimpleApplicationEventMulticaster.multicastEvent(SimpleApplicationEventMulticaster.java:143)
	at org.springframework.context.event.SimpleApplicationEventMulticaster.multicastEvent(SimpleApplicationEventMulticaster.java:131)
	at org.springframework.boot.context.event.EventPublishingRunListener.environmentPrepared(EventPublishingRunListener.java:85)
	at org.springframework.boot.SpringApplicationRunListeners.lambda$environmentPrepared$2(SpringApplicationRunListeners.java:66)
	at java.base/java.util.ArrayList.forEach(ArrayList.java:1541)
	at org.springframework.boot.SpringApplicationRunListeners.doWithListeners(SpringApplicationRunListeners.java:120)
	at org.springframework.boot.SpringApplicationRunListeners.doWithListeners(SpringApplicationRunListeners.java:114)
	at org.springframework.boot.SpringApplicationRunListeners.environmentPrepared(SpringApplicationRunListeners.java:65)
	at org.springframework.boot.SpringApplication.prepareEnvironment(SpringApplication.java:343)
	at org.springframework.boot.SpringApplication.run(SpringApplication.java:301)
	at org.springframework.boot.SpringApplication.run(SpringApplication.java:1303)
	at org.springframework.boot.SpringApplication.run(SpringApplication.java:1292)
	at com.bilibili.minio.MinioApplication.main(MinioApplication.java:9)
2024-12-07 13:41:50 |ERROR |main |SpringApplication.java:821 |org.springframework.boot.SpringApplication |Application run failed
org.springframework.beans.factory.BeanCreationException: Error creating bean with name 'minioConfig': Injection of autowired dependencies failed; nested exception is java.lang.IllegalArgumentException: Could not resolve placeholder 'minio.endpoint' in value "${minio.endpoint}"
	at org.springframework.beans.factory.annotation.AutowiredAnnotationBeanPostProcessor.postProcessProperties(AutowiredAnnotationBeanPostProcessor.java:405)
	at org.springframework.beans.factory.support.AbstractAutowireCapableBeanFactory.populateBean(AbstractAutowireCapableBeanFactory.java:1431)
	at org.springframework.beans.factory.support.AbstractAutowireCapableBeanFactory.doCreateBean(AbstractAutowireCapableBeanFactory.java:619)
	at org.springframework.beans.factory.support.AbstractAutowireCapableBeanFactory.createBean(AbstractAutowireCapableBeanFactory.java:542)
	at org.springframework.beans.factory.support.AbstractBeanFactory.lambda$doGetBean$0(AbstractBeanFactory.java:335)
	at org.springframework.beans.factory.support.DefaultSingletonBeanRegistry.getSingleton(DefaultSingletonBeanRegistry.java:234)
	at org.springframework.beans.factory.support.AbstractBeanFactory.doGetBean(AbstractBeanFactory.java:333)
	at org.springframework.beans.factory.support.AbstractBeanFactory.getBean(AbstractBeanFactory.java:208)
	at org.springframework.beans.factory.support.DefaultListableBeanFactory.preInstantiateSingletons(DefaultListableBeanFactory.java:955)
	at org.springframework.context.support.AbstractApplicationContext.finishBeanFactoryInitialization(AbstractApplicationContext.java:920)
	at org.springframework.context.support.AbstractApplicationContext.refresh(AbstractApplicationContext.java:583)
	at org.springframework.boot.web.servlet.context.ServletWebServerApplicationContext.refresh(ServletWebServerApplicationContext.java:147)
	at org.springframework.boot.SpringApplication.refresh(SpringApplication.java:731)
	at org.springframework.boot.SpringApplication.refreshContext(SpringApplication.java:408)
	at org.springframework.boot.SpringApplication.run(SpringApplication.java:307)
	at org.springframework.boot.SpringApplication.run(SpringApplication.java:1303)
	at org.springframework.boot.SpringApplication.run(SpringApplication.java:1292)
	at com.bilibili.minio.MinioApplication.main(MinioApplication.java:9)
Caused by: java.lang.IllegalArgumentException: Could not resolve placeholder 'minio.endpoint' in value "${minio.endpoint}"
	at org.springframework.util.PropertyPlaceholderHelper.parseStringValue(PropertyPlaceholderHelper.java:180)
	at org.springframework.util.PropertyPlaceholderHelper.replacePlaceholders(PropertyPlaceholderHelper.java:126)
	at org.springframework.core.env.AbstractPropertyResolver.doResolvePlaceholders(AbstractPropertyResolver.java:239)
	at org.springframework.core.env.AbstractPropertyResolver.resolveRequiredPlaceholders(AbstractPropertyResolver.java:210)
	at org.springframework.context.support.PropertySourcesPlaceholderConfigurer.lambda$processProperties$0(PropertySourcesPlaceholderConfigurer.java:191)
	at org.springframework.beans.factory.support.AbstractBeanFactory.resolveEmbeddedValue(AbstractBeanFactory.java:936)
	at org.springframework.beans.factory.support.DefaultListableBeanFactory.doResolveDependency(DefaultListableBeanFactory.java:1332)
	at org.springframework.beans.factory.support.DefaultListableBeanFactory.resolveDependency(DefaultListableBeanFactory.java:1311)
	at org.springframework.beans.factory.annotation.AutowiredAnnotationBeanPostProcessor$AutowiredFieldElement.resolveFieldValue(AutowiredAnnotationBeanPostProcessor.java:657)
	at org.springframework.beans.factory.annotation.AutowiredAnnotationBeanPostProcessor$AutowiredFieldElement.inject(AutowiredAnnotationBeanPostProcessor.java:640)
	at org.springframework.beans.factory.annotation.InjectionMetadata.inject(InjectionMetadata.java:119)
	at org.springframework.beans.factory.annotation.AutowiredAnnotationBeanPostProcessor.postProcessProperties(AutowiredAnnotationBeanPostProcessor.java:399)
	... 17 common frames omitted
2024-12-07 14:48:36 |ERROR |http-nio-8080-exec-5 |DirectJDKLog.java:175 |org.apache.catalina.core.ContainerBase.[Tomcat].[localhost].[/].[dispatcherServlet] |Servlet.service() for servlet [dispatcherServlet] in context with path [] threw exception [Request processing failed; nested exception is java.lang.IllegalArgumentException: test_bucket : bucket name does not follow Amazon S3 standards. For more information refer http://docs.aws.amazon.com/AmazonS3/latest/dev/BucketRestrictions.html] with root cause
java.lang.IllegalArgumentException: test_bucket : bucket name does not follow Amazon S3 standards. For more information refer http://docs.aws.amazon.com/AmazonS3/latest/dev/BucketRestrictions.html
	at io.minio.BucketArgs$Builder.validateBucketName(BucketArgs.java:57)
	at io.minio.BucketArgs$Builder.bucket(BucketArgs.java:72)
	at com.bilibili.minio.util.MinioUtils.isBucketExists(MinioUtils.java:33)
	at com.bilibili.minio.util.MinioUtils.createBucket(MinioUtils.java:42)
	at com.bilibili.minio.util.MinioUtils.uploadFile(MinioUtils.java:98)
	at com.bilibili.minio.service.impl.MinioServiceImpl.uploadFile(MinioServiceImpl.java:26)
	at com.bilibili.minio.controller.MinioController.upload(MinioController.java:19)
	at java.base/jdk.internal.reflect.NativeMethodAccessorImpl.invoke0(Native Method)
	at java.base/jdk.internal.reflect.NativeMethodAccessorImpl.invoke(NativeMethodAccessorImpl.java:62)
	at java.base/jdk.internal.reflect.DelegatingMethodAccessorImpl.invoke(DelegatingMethodAccessorImpl.java:43)
	at java.base/java.lang.reflect.Method.invoke(Method.java:566)
	at org.springframework.web.method.support.InvocableHandlerMethod.doInvoke(InvocableHandlerMethod.java:205)
	at org.springframework.web.method.support.InvocableHandlerMethod.invokeForRequest(InvocableHandlerMethod.java:150)
	at org.springframework.web.servlet.mvc.method.annotation.ServletInvocableHandlerMethod.invokeAndHandle(ServletInvocableHandlerMethod.java:117)
	at org.springframework.web.servlet.mvc.method.annotation.RequestMappingHandlerAdapter.invokeHandlerMethod(RequestMappingHandlerAdapter.java:895)
	at org.springframework.web.servlet.mvc.method.annotation.RequestMappingHandlerAdapter.handleInternal(RequestMappingHandlerAdapter.java:808)
	at org.springframework.web.servlet.mvc.method.AbstractHandlerMethodAdapter.handle(AbstractHandlerMethodAdapter.java:87)
	at org.springframework.web.servlet.DispatcherServlet.doDispatch(DispatcherServlet.java:1072)
	at org.springframework.web.servlet.DispatcherServlet.doService(DispatcherServlet.java:965)
	at org.springframework.web.servlet.FrameworkServlet.processRequest(FrameworkServlet.java:1006)
	at org.springframework.web.servlet.FrameworkServlet.doPost(FrameworkServlet.java:909)
	at javax.servlet.http.HttpServlet.service(HttpServlet.java:555)
	at org.springframework.web.servlet.FrameworkServlet.service(FrameworkServlet.java:883)
	at javax.servlet.http.HttpServlet.service(HttpServlet.java:623)
	at org.apache.catalina.core.ApplicationFilterChain.internalDoFilter(ApplicationFilterChain.java:209)
	at org.apache.catalina.core.ApplicationFilterChain.doFilter(ApplicationFilterChain.java:153)
	at org.apache.tomcat.websocket.server.WsFilter.doFilter(WsFilter.java:51)
	at org.apache.catalina.core.ApplicationFilterChain.internalDoFilter(ApplicationFilterChain.java:178)
	at org.apache.catalina.core.ApplicationFilterChain.doFilter(ApplicationFilterChain.java:153)
	at org.springframework.web.filter.RequestContextFilter.doFilterInternal(RequestContextFilter.java:100)
	at org.springframework.web.filter.OncePerRequestFilter.doFilter(OncePerRequestFilter.java:117)
	at org.apache.catalina.core.ApplicationFilterChain.internalDoFilter(ApplicationFilterChain.java:178)
	at org.apache.catalina.core.ApplicationFilterChain.doFilter(ApplicationFilterChain.java:153)
	at org.springframework.web.filter.FormContentFilter.doFilterInternal(FormContentFilter.java:93)
	at org.springframework.web.filter.OncePerRequestFilter.doFilter(OncePerRequestFilter.java:117)
	at org.apache.catalina.core.ApplicationFilterChain.internalDoFilter(ApplicationFilterChain.java:178)
	at org.apache.catalina.core.ApplicationFilterChain.doFilter(ApplicationFilterChain.java:153)
	at org.springframework.web.filter.CharacterEncodingFilter.doFilterInternal(CharacterEncodingFilter.java:201)
	at org.springframework.web.filter.OncePerRequestFilter.doFilter(OncePerRequestFilter.java:117)
	at org.apache.catalina.core.ApplicationFilterChain.internalDoFilter(ApplicationFilterChain.java:178)
	at org.apache.catalina.core.ApplicationFilterChain.doFilter(ApplicationFilterChain.java:153)
	at org.apache.catalina.core.StandardWrapperValve.invoke(StandardWrapperValve.java:167)
	at org.apache.catalina.core.StandardContextValve.invoke(StandardContextValve.java:90)
	at org.apache.catalina.authenticator.AuthenticatorBase.invoke(AuthenticatorBase.java:481)
	at org.apache.catalina.core.StandardHostValve.invoke(StandardHostValve.java:130)
	at org.apache.catalina.valves.ErrorReportValve.invoke(ErrorReportValve.java:93)
	at org.apache.catalina.core.StandardEngineValve.invoke(StandardEngineValve.java:74)
	at org.apache.catalina.connector.CoyoteAdapter.service(CoyoteAdapter.java:343)
	at org.apache.coyote.http11.Http11Processor.service(Http11Processor.java:390)
	at org.apache.coyote.AbstractProcessorLight.process(AbstractProcessorLight.java:63)
	at org.apache.coyote.AbstractProtocol$ConnectionHandler.process(AbstractProtocol.java:926)
	at org.apache.tomcat.util.net.NioEndpoint$SocketProcessor.doRun(NioEndpoint.java:1791)
	at org.apache.tomcat.util.net.SocketProcessorBase.run(SocketProcessorBase.java:52)
	at org.apache.tomcat.util.threads.ThreadPoolExecutor.runWorker(ThreadPoolExecutor.java:1191)
	at org.apache.tomcat.util.threads.ThreadPoolExecutor$Worker.run(ThreadPoolExecutor.java:659)
	at org.apache.tomcat.util.threads.TaskThread$WrappingRunnable.run(TaskThread.java:61)
	at java.base/java.lang.Thread.run(Thread.java:834)
2024-12-07 14:48:36 |ERROR |http-nio-8080-exec-5 |DirectJDKLog.java:175 |org.apache.coyote.http11.Http11Processor |Error processing request
java.io.UncheckedIOException: Cannot delete C:\Users\Administrator\AppData\Local\Temp\tomcat.8080.9740516584816497507\work\Tomcat\localhost\ROOT\upload_cb0d0101_2efb_4bfb_a720_27cc2ac0e350_00000001.tmp
	at org.apache.tomcat.util.http.fileupload.disk.DiskFileItem.delete(DiskFileItem.java:431)
	at org.apache.catalina.core.ApplicationPart.delete(ApplicationPart.java:53)
	at org.apache.catalina.connector.Request.recycle(Request.java:474)
	at org.apache.catalina.connector.CoyoteAdapter.service(CoyoteAdapter.java:421)
	at org.apache.coyote.http11.Http11Processor.service(Http11Processor.java:390)
	at org.apache.coyote.AbstractProcessorLight.process(AbstractProcessorLight.java:63)
	at org.apache.coyote.AbstractProtocol$ConnectionHandler.process(AbstractProtocol.java:926)
	at org.apache.tomcat.util.net.NioEndpoint$SocketProcessor.doRun(NioEndpoint.java:1791)
	at org.apache.tomcat.util.net.SocketProcessorBase.run(SocketProcessorBase.java:52)
	at org.apache.tomcat.util.threads.ThreadPoolExecutor.runWorker(ThreadPoolExecutor.java:1191)
	at org.apache.tomcat.util.threads.ThreadPoolExecutor$Worker.run(ThreadPoolExecutor.java:659)
	at org.apache.tomcat.util.threads.TaskThread$WrappingRunnable.run(TaskThread.java:61)
	at java.base/java.lang.Thread.run(Thread.java:834)
Caused by: java.io.IOException: Cannot delete C:\Users\Administrator\AppData\Local\Temp\tomcat.8080.9740516584816497507\work\Tomcat\localhost\ROOT\upload_cb0d0101_2efb_4bfb_a720_27cc2ac0e350_00000001.tmp
	... 13 common frames omitted
2024-12-07 14:48:36 |ERROR |http-nio-8080-exec-5 |DirectJDKLog.java:175 |org.apache.coyote.http11.Http11NioProtocol |Error reading request, ignored
java.io.UncheckedIOException: Cannot delete C:\Users\Administrator\AppData\Local\Temp\tomcat.8080.9740516584816497507\work\Tomcat\localhost\ROOT\upload_cb0d0101_2efb_4bfb_a720_27cc2ac0e350_00000001.tmp
	at org.apache.tomcat.util.http.fileupload.disk.DiskFileItem.delete(DiskFileItem.java:431)
	at org.apache.catalina.core.ApplicationPart.delete(ApplicationPart.java:53)
	at org.apache.catalina.connector.Request.recycle(Request.java:474)
	at org.apache.catalina.connector.CoyoteAdapter.log(CoyoteAdapter.java:494)
	at org.apache.coyote.http11.Http11Processor.service(Http11Processor.java:420)
	at org.apache.coyote.AbstractProcessorLight.process(AbstractProcessorLight.java:63)
	at org.apache.coyote.AbstractProtocol$ConnectionHandler.process(AbstractProtocol.java:926)
	at org.apache.tomcat.util.net.NioEndpoint$SocketProcessor.doRun(NioEndpoint.java:1791)
	at org.apache.tomcat.util.net.SocketProcessorBase.run(SocketProcessorBase.java:52)
	at org.apache.tomcat.util.threads.ThreadPoolExecutor.runWorker(ThreadPoolExecutor.java:1191)
	at org.apache.tomcat.util.threads.ThreadPoolExecutor$Worker.run(ThreadPoolExecutor.java:659)
	at org.apache.tomcat.util.threads.TaskThread$WrappingRunnable.run(TaskThread.java:61)
	at java.base/java.lang.Thread.run(Thread.java:834)
Caused by: java.io.IOException: Cannot delete C:\Users\Administrator\AppData\Local\Temp\tomcat.8080.9740516584816497507\work\Tomcat\localhost\ROOT\upload_cb0d0101_2efb_4bfb_a720_27cc2ac0e350_00000001.tmp
	... 13 common frames omitted
2024-12-07 14:48:36 |ERROR |http-nio-8080-exec-5 |DirectJDKLog.java:175 |org.apache.tomcat.util.net.NioEndpoint |Error running socket processor
java.io.UncheckedIOException: Cannot delete C:\Users\Administrator\AppData\Local\Temp\tomcat.8080.9740516584816497507\work\Tomcat\localhost\ROOT\upload_cb0d0101_2efb_4bfb_a720_27cc2ac0e350_00000001.tmp
	at org.apache.tomcat.util.http.fileupload.disk.DiskFileItem.delete(DiskFileItem.java:431)
	at org.apache.catalina.core.ApplicationPart.delete(ApplicationPart.java:53)
	at org.apache.catalina.connector.Request.recycle(Request.java:474)
	at org.apache.catalina.connector.CoyoteAdapter.log(CoyoteAdapter.java:494)
	at org.apache.catalina.connector.CoyoteAdapter.checkRecycled(CoyoteAdapter.java:517)
	at org.apache.coyote.http11.Http11Processor.recycle(Http11Processor.java:1417)
	at org.apache.coyote.AbstractProtocol$ConnectionHandler.release(AbstractProtocol.java:1129)
	at org.apache.coyote.AbstractProtocol$ConnectionHandler.process(AbstractProtocol.java:1090)
	at org.apache.tomcat.util.net.NioEndpoint$SocketProcessor.doRun(NioEndpoint.java:1791)
	at org.apache.tomcat.util.net.SocketProcessorBase.run(SocketProcessorBase.java:52)
	at org.apache.tomcat.util.threads.ThreadPoolExecutor.runWorker(ThreadPoolExecutor.java:1191)
	at org.apache.tomcat.util.threads.ThreadPoolExecutor$Worker.run(ThreadPoolExecutor.java:659)
	at org.apache.tomcat.util.threads.TaskThread$WrappingRunnable.run(TaskThread.java:61)
	at java.base/java.lang.Thread.run(Thread.java:834)
Caused by: java.io.IOException: Cannot delete C:\Users\Administrator\AppData\Local\Temp\tomcat.8080.9740516584816497507\work\Tomcat\localhost\ROOT\upload_cb0d0101_2efb_4bfb_a720_27cc2ac0e350_00000001.tmp
	... 14 common frames omitted
2024-12-07 14:50:08 |ERROR |http-nio-8080-exec-3 |DirectJDKLog.java:175 |org.apache.catalina.core.ContainerBase.[Tomcat].[localhost].[/].[dispatcherServlet] |Servlet.service() for servlet [dispatcherServlet] in context with path [] threw exception
java.net.ConnectException: Failed to connect to /192.168.219.129:9000
	at okhttp3.internal.connection.RealConnection.connectSocket(RealConnection.kt:297)
	at okhttp3.internal.connection.RealConnection.connect(RealConnection.kt:207)
	at okhttp3.internal.connection.ExchangeFinder.findConnection(ExchangeFinder.kt:226)
	at okhttp3.internal.connection.ExchangeFinder.findHealthyConnection(ExchangeFinder.kt:106)
	at okhttp3.internal.connection.ExchangeFinder.find(ExchangeFinder.kt:74)
	at okhttp3.internal.connection.RealCall.initExchange$okhttp(RealCall.kt:255)
	at okhttp3.internal.connection.ConnectInterceptor.intercept(ConnectInterceptor.kt:32)
	at okhttp3.internal.http.RealInterceptorChain.proceed(RealInterceptorChain.kt:109)
	at okhttp3.internal.cache.CacheInterceptor.intercept(CacheInterceptor.kt:95)
	at okhttp3.internal.http.RealInterceptorChain.proceed(RealInterceptorChain.kt:109)
	at okhttp3.internal.http.BridgeInterceptor.intercept(BridgeInterceptor.kt:83)
	at okhttp3.internal.http.RealInterceptorChain.proceed(RealInterceptorChain.kt:109)
	at okhttp3.internal.http.RetryAndFollowUpInterceptor.intercept(RetryAndFollowUpInterceptor.kt:76)
	at okhttp3.internal.http.RealInterceptorChain.proceed(RealInterceptorChain.kt:109)
	at okhttp3.internal.connection.RealCall.getResponseWithInterceptorChain$okhttp(RealCall.kt:201)
	at okhttp3.internal.connection.RealCall.execute(RealCall.kt:154)
	at io.minio.S3Base.execute(S3Base.java:529)
	at io.minio.S3Base.getRegion(S3Base.java:691)
	at io.minio.S3Base.execute(S3Base.java:464)
	at io.minio.S3Base.executeHead(S3Base.java:725)
	at io.minio.MinioClient.bucketExists(MinioClient.java:1135)
	at com.bilibili.minio.util.MinioUtils.isBucketExists(MinioUtils.java:33)
	at com.bilibili.minio.util.MinioUtils.createBucket(MinioUtils.java:42)
	at com.bilibili.minio.util.MinioUtils.uploadFile(MinioUtils.java:98)
	at com.bilibili.minio.service.impl.MinioServiceImpl.uploadFile(MinioServiceImpl.java:26)
	at com.bilibili.minio.controller.MinioController.upload(MinioController.java:19)
	at java.base/jdk.internal.reflect.NativeMethodAccessorImpl.invoke0(Native Method)
	at java.base/jdk.internal.reflect.NativeMethodAccessorImpl.invoke(NativeMethodAccessorImpl.java:62)
	at java.base/jdk.internal.reflect.DelegatingMethodAccessorImpl.invoke(DelegatingMethodAccessorImpl.java:43)
	at java.base/java.lang.reflect.Method.invoke(Method.java:566)
	at org.springframework.web.method.support.InvocableHandlerMethod.doInvoke(InvocableHandlerMethod.java:205)
	at org.springframework.web.method.support.InvocableHandlerMethod.invokeForRequest(InvocableHandlerMethod.java:150)
	at org.springframework.web.servlet.mvc.method.annotation.ServletInvocableHandlerMethod.invokeAndHandle(ServletInvocableHandlerMethod.java:117)
	at org.springframework.web.servlet.mvc.method.annotation.RequestMappingHandlerAdapter.invokeHandlerMethod(RequestMappingHandlerAdapter.java:895)
	at org.springframework.web.servlet.mvc.method.annotation.RequestMappingHandlerAdapter.handleInternal(RequestMappingHandlerAdapter.java:808)
	at org.springframework.web.servlet.mvc.method.AbstractHandlerMethodAdapter.handle(AbstractHandlerMethodAdapter.java:87)
	at org.springframework.web.servlet.DispatcherServlet.doDispatch(DispatcherServlet.java:1072)
	at org.springframework.web.servlet.DispatcherServlet.doService(DispatcherServlet.java:965)
	at org.springframework.web.servlet.FrameworkServlet.processRequest(FrameworkServlet.java:1006)
	at org.springframework.web.servlet.FrameworkServlet.doPost(FrameworkServlet.java:909)
	at javax.servlet.http.HttpServlet.service(HttpServlet.java:555)
	at org.springframework.web.servlet.FrameworkServlet.service(FrameworkServlet.java:883)
	at javax.servlet.http.HttpServlet.service(HttpServlet.java:623)
	at org.apache.catalina.core.ApplicationFilterChain.internalDoFilter(ApplicationFilterChain.java:209)
	at org.apache.catalina.core.ApplicationFilterChain.doFilter(ApplicationFilterChain.java:153)
	at org.apache.tomcat.websocket.server.WsFilter.doFilter(WsFilter.java:51)
	at org.apache.catalina.core.ApplicationFilterChain.internalDoFilter(ApplicationFilterChain.java:178)
	at org.apache.catalina.core.ApplicationFilterChain.doFilter(ApplicationFilterChain.java:153)
	at org.springframework.web.filter.RequestContextFilter.doFilterInternal(RequestContextFilter.java:100)
	at org.springframework.web.filter.OncePerRequestFilter.doFilter(OncePerRequestFilter.java:117)
	at org.apache.catalina.core.ApplicationFilterChain.internalDoFilter(ApplicationFilterChain.java:178)
	at org.apache.catalina.core.ApplicationFilterChain.doFilter(ApplicationFilterChain.java:153)
	at org.springframework.web.filter.FormContentFilter.doFilterInternal(FormContentFilter.java:93)
	at org.springframework.web.filter.OncePerRequestFilter.doFilter(OncePerRequestFilter.java:117)
	at org.apache.catalina.core.ApplicationFilterChain.internalDoFilter(ApplicationFilterChain.java:178)
	at org.apache.catalina.core.ApplicationFilterChain.doFilter(ApplicationFilterChain.java:153)
	at org.springframework.web.filter.CharacterEncodingFilter.doFilterInternal(CharacterEncodingFilter.java:201)
	at org.springframework.web.filter.OncePerRequestFilter.doFilter(OncePerRequestFilter.java:117)
	at org.apache.catalina.core.ApplicationFilterChain.internalDoFilter(ApplicationFilterChain.java:178)
	at org.apache.catalina.core.ApplicationFilterChain.doFilter(ApplicationFilterChain.java:153)
	at org.apache.catalina.core.StandardWrapperValve.invoke(StandardWrapperValve.java:167)
	at org.apache.catalina.core.StandardContextValve.invoke(StandardContextValve.java:90)
	at org.apache.catalina.authenticator.AuthenticatorBase.invoke(AuthenticatorBase.java:481)
	at org.apache.catalina.core.StandardHostValve.invoke(StandardHostValve.java:130)
	at org.apache.catalina.valves.ErrorReportValve.invoke(ErrorReportValve.java:93)
	at org.apache.catalina.core.StandardEngineValve.invoke(StandardEngineValve.java:74)
	at org.apache.catalina.connector.CoyoteAdapter.service(CoyoteAdapter.java:343)
	at org.apache.coyote.http11.Http11Processor.service(Http11Processor.java:390)
	at org.apache.coyote.AbstractProcessorLight.process(AbstractProcessorLight.java:63)
	at org.apache.coyote.AbstractProtocol$ConnectionHandler.process(AbstractProtocol.java:926)
	at org.apache.tomcat.util.net.NioEndpoint$SocketProcessor.doRun(NioEndpoint.java:1791)
	at org.apache.tomcat.util.net.SocketProcessorBase.run(SocketProcessorBase.java:52)
	at org.apache.tomcat.util.threads.ThreadPoolExecutor.runWorker(ThreadPoolExecutor.java:1191)
	at org.apache.tomcat.util.threads.ThreadPoolExecutor$Worker.run(ThreadPoolExecutor.java:659)
	at org.apache.tomcat.util.threads.TaskThread$WrappingRunnable.run(TaskThread.java:61)
	at java.base/java.lang.Thread.run(Thread.java:834)
Caused by: java.net.ConnectException: Connection timed out: connect
	at java.base/java.net.PlainSocketImpl.waitForConnect(Native Method)
	at java.base/java.net.PlainSocketImpl.socketConnect(PlainSocketImpl.java:107)
	at java.base/java.net.AbstractPlainSocketImpl.doConnect(AbstractPlainSocketImpl.java:412)
	at java.base/java.net.AbstractPlainSocketImpl.connectToAddress(AbstractPlainSocketImpl.java:255)
	at java.base/java.net.AbstractPlainSocketImpl.connect(AbstractPlainSocketImpl.java:237)
	at java.base/java.net.SocksSocketImpl.connect(SocksSocketImpl.java:392)
	at java.base/java.net.Socket.connect(Socket.java:608)
	at okhttp3.internal.platform.Platform.connectSocket(Platform.kt:128)
	at okhttp3.internal.connection.RealConnection.connectSocket(RealConnection.kt:295)
	... 75 common frames omitted
2024-12-07 14:50:08 |ERROR |http-nio-8080-exec-3 |DirectJDKLog.java:175 |org.apache.coyote.http11.Http11Processor |Error processing request
java.io.UncheckedIOException: Cannot delete C:\Users\Administrator\AppData\Local\Temp\tomcat.8080.9740516584816497507\work\Tomcat\localhost\ROOT\upload_cb0d0101_2efb_4bfb_a720_27cc2ac0e350_00000002.tmp
	at org.apache.tomcat.util.http.fileupload.disk.DiskFileItem.delete(DiskFileItem.java:431)
	at org.apache.catalina.core.ApplicationPart.delete(ApplicationPart.java:53)
	at org.apache.catalina.connector.Request.recycle(Request.java:474)
	at org.apache.catalina.connector.CoyoteAdapter.service(CoyoteAdapter.java:421)
	at org.apache.coyote.http11.Http11Processor.service(Http11Processor.java:390)
	at org.apache.coyote.AbstractProcessorLight.process(AbstractProcessorLight.java:63)
	at org.apache.coyote.AbstractProtocol$ConnectionHandler.process(AbstractProtocol.java:926)
	at org.apache.tomcat.util.net.NioEndpoint$SocketProcessor.doRun(NioEndpoint.java:1791)
	at org.apache.tomcat.util.net.SocketProcessorBase.run(SocketProcessorBase.java:52)
	at org.apache.tomcat.util.threads.ThreadPoolExecutor.runWorker(ThreadPoolExecutor.java:1191)
	at org.apache.tomcat.util.threads.ThreadPoolExecutor$Worker.run(ThreadPoolExecutor.java:659)
	at org.apache.tomcat.util.threads.TaskThread$WrappingRunnable.run(TaskThread.java:61)
	at java.base/java.lang.Thread.run(Thread.java:834)
Caused by: java.io.IOException: Cannot delete C:\Users\Administrator\AppData\Local\Temp\tomcat.8080.9740516584816497507\work\Tomcat\localhost\ROOT\upload_cb0d0101_2efb_4bfb_a720_27cc2ac0e350_00000002.tmp
	... 13 common frames omitted
2024-12-07 14:50:08 |ERROR |http-nio-8080-exec-3 |DirectJDKLog.java:175 |org.apache.coyote.http11.Http11NioProtocol |Error reading request, ignored
java.io.UncheckedIOException: Cannot delete C:\Users\Administrator\AppData\Local\Temp\tomcat.8080.9740516584816497507\work\Tomcat\localhost\ROOT\upload_cb0d0101_2efb_4bfb_a720_27cc2ac0e350_00000002.tmp
	at org.apache.tomcat.util.http.fileupload.disk.DiskFileItem.delete(DiskFileItem.java:431)
	at org.apache.catalina.core.ApplicationPart.delete(ApplicationPart.java:53)
	at org.apache.catalina.connector.Request.recycle(Request.java:474)
	at org.apache.catalina.connector.CoyoteAdapter.log(CoyoteAdapter.java:494)
	at org.apache.coyote.http11.Http11Processor.service(Http11Processor.java:420)
	at org.apache.coyote.AbstractProcessorLight.process(AbstractProcessorLight.java:63)
	at org.apache.coyote.AbstractProtocol$ConnectionHandler.process(AbstractProtocol.java:926)
	at org.apache.tomcat.util.net.NioEndpoint$SocketProcessor.doRun(NioEndpoint.java:1791)
	at org.apache.tomcat.util.net.SocketProcessorBase.run(SocketProcessorBase.java:52)
	at org.apache.tomcat.util.threads.ThreadPoolExecutor.runWorker(ThreadPoolExecutor.java:1191)
	at org.apache.tomcat.util.threads.ThreadPoolExecutor$Worker.run(ThreadPoolExecutor.java:659)
	at org.apache.tomcat.util.threads.TaskThread$WrappingRunnable.run(TaskThread.java:61)
	at java.base/java.lang.Thread.run(Thread.java:834)
Caused by: java.io.IOException: Cannot delete C:\Users\Administrator\AppData\Local\Temp\tomcat.8080.9740516584816497507\work\Tomcat\localhost\ROOT\upload_cb0d0101_2efb_4bfb_a720_27cc2ac0e350_00000002.tmp
	... 13 common frames omitted
2024-12-07 14:50:08 |ERROR |http-nio-8080-exec-3 |DirectJDKLog.java:175 |org.apache.tomcat.util.net.NioEndpoint |Error running socket processor
java.io.UncheckedIOException: Cannot delete C:\Users\Administrator\AppData\Local\Temp\tomcat.8080.9740516584816497507\work\Tomcat\localhost\ROOT\upload_cb0d0101_2efb_4bfb_a720_27cc2ac0e350_00000002.tmp
	at org.apache.tomcat.util.http.fileupload.disk.DiskFileItem.delete(DiskFileItem.java:431)
	at org.apache.catalina.core.ApplicationPart.delete(ApplicationPart.java:53)
	at org.apache.catalina.connector.Request.recycle(Request.java:474)
	at org.apache.catalina.connector.CoyoteAdapter.log(CoyoteAdapter.java:494)
	at org.apache.catalina.connector.CoyoteAdapter.checkRecycled(CoyoteAdapter.java:517)
	at org.apache.coyote.http11.Http11Processor.recycle(Http11Processor.java:1417)
	at org.apache.coyote.AbstractProtocol$ConnectionHandler.release(AbstractProtocol.java:1129)
	at org.apache.coyote.AbstractProtocol$ConnectionHandler.process(AbstractProtocol.java:1090)
	at org.apache.tomcat.util.net.NioEndpoint$SocketProcessor.doRun(NioEndpoint.java:1791)
	at org.apache.tomcat.util.net.SocketProcessorBase.run(SocketProcessorBase.java:52)
	at org.apache.tomcat.util.threads.ThreadPoolExecutor.runWorker(ThreadPoolExecutor.java:1191)
	at org.apache.tomcat.util.threads.ThreadPoolExecutor$Worker.run(ThreadPoolExecutor.java:659)
	at org.apache.tomcat.util.threads.TaskThread$WrappingRunnable.run(TaskThread.java:61)
	at java.base/java.lang.Thread.run(Thread.java:834)
Caused by: java.io.IOException: Cannot delete C:\Users\Administrator\AppData\Local\Temp\tomcat.8080.9740516584816497507\work\Tomcat\localhost\ROOT\upload_cb0d0101_2efb_4bfb_a720_27cc2ac0e350_00000002.tmp
	... 14 common frames omitted
2024-12-07 14:51:09 |ERROR |http-nio-8080-exec-8 |DirectJDKLog.java:175 |org.apache.catalina.core.ContainerBase.[Tomcat].[localhost].[/].[dispatcherServlet] |Servlet.service() for servlet [dispatcherServlet] in context with path [] threw exception
java.net.ConnectException: Failed to connect to /192.168.219.129:9000
	at okhttp3.internal.connection.RealConnection.connectSocket(RealConnection.kt:297)
	at okhttp3.internal.connection.RealConnection.connect(RealConnection.kt:207)
	at okhttp3.internal.connection.ExchangeFinder.findConnection(ExchangeFinder.kt:226)
	at okhttp3.internal.connection.ExchangeFinder.findHealthyConnection(ExchangeFinder.kt:106)
	at okhttp3.internal.connection.ExchangeFinder.find(ExchangeFinder.kt:74)
	at okhttp3.internal.connection.RealCall.initExchange$okhttp(RealCall.kt:255)
	at okhttp3.internal.connection.ConnectInterceptor.intercept(ConnectInterceptor.kt:32)
	at okhttp3.internal.http.RealInterceptorChain.proceed(RealInterceptorChain.kt:109)
	at okhttp3.internal.cache.CacheInterceptor.intercept(CacheInterceptor.kt:95)
	at okhttp3.internal.http.RealInterceptorChain.proceed(RealInterceptorChain.kt:109)
	at okhttp3.internal.http.BridgeInterceptor.intercept(BridgeInterceptor.kt:83)
	at okhttp3.internal.http.RealInterceptorChain.proceed(RealInterceptorChain.kt:109)
	at okhttp3.internal.http.RetryAndFollowUpInterceptor.intercept(RetryAndFollowUpInterceptor.kt:76)
	at okhttp3.internal.http.RealInterceptorChain.proceed(RealInterceptorChain.kt:109)
	at okhttp3.internal.connection.RealCall.getResponseWithInterceptorChain$okhttp(RealCall.kt:201)
	at okhttp3.internal.connection.RealCall.execute(RealCall.kt:154)
	at io.minio.S3Base.execute(S3Base.java:529)
	at io.minio.S3Base.getRegion(S3Base.java:691)
	at io.minio.S3Base.execute(S3Base.java:464)
	at io.minio.S3Base.executeHead(S3Base.java:725)
	at io.minio.MinioClient.bucketExists(MinioClient.java:1135)
	at com.bilibili.minio.util.MinioUtils.isBucketExists(MinioUtils.java:33)
	at com.bilibili.minio.util.MinioUtils.createBucket(MinioUtils.java:42)
	at com.bilibili.minio.util.MinioUtils.uploadFile(MinioUtils.java:98)
	at com.bilibili.minio.service.impl.MinioServiceImpl.uploadFile(MinioServiceImpl.java:26)
	at com.bilibili.minio.controller.MinioController.upload(MinioController.java:19)
	at java.base/jdk.internal.reflect.NativeMethodAccessorImpl.invoke0(Native Method)
	at java.base/jdk.internal.reflect.NativeMethodAccessorImpl.invoke(NativeMethodAccessorImpl.java:62)
	at java.base/jdk.internal.reflect.DelegatingMethodAccessorImpl.invoke(DelegatingMethodAccessorImpl.java:43)
	at java.base/java.lang.reflect.Method.invoke(Method.java:566)
	at org.springframework.web.method.support.InvocableHandlerMethod.doInvoke(InvocableHandlerMethod.java:205)
	at org.springframework.web.method.support.InvocableHandlerMethod.invokeForRequest(InvocableHandlerMethod.java:150)
	at org.springframework.web.servlet.mvc.method.annotation.ServletInvocableHandlerMethod.invokeAndHandle(ServletInvocableHandlerMethod.java:117)
	at org.springframework.web.servlet.mvc.method.annotation.RequestMappingHandlerAdapter.invokeHandlerMethod(RequestMappingHandlerAdapter.java:895)
	at org.springframework.web.servlet.mvc.method.annotation.RequestMappingHandlerAdapter.handleInternal(RequestMappingHandlerAdapter.java:808)
	at org.springframework.web.servlet.mvc.method.AbstractHandlerMethodAdapter.handle(AbstractHandlerMethodAdapter.java:87)
	at org.springframework.web.servlet.DispatcherServlet.doDispatch(DispatcherServlet.java:1072)
	at org.springframework.web.servlet.DispatcherServlet.doService(DispatcherServlet.java:965)
	at org.springframework.web.servlet.FrameworkServlet.processRequest(FrameworkServlet.java:1006)
	at org.springframework.web.servlet.FrameworkServlet.doPost(FrameworkServlet.java:909)
	at javax.servlet.http.HttpServlet.service(HttpServlet.java:555)
	at org.springframework.web.servlet.FrameworkServlet.service(FrameworkServlet.java:883)
	at javax.servlet.http.HttpServlet.service(HttpServlet.java:623)
	at org.apache.catalina.core.ApplicationFilterChain.internalDoFilter(ApplicationFilterChain.java:209)
	at org.apache.catalina.core.ApplicationFilterChain.doFilter(ApplicationFilterChain.java:153)
	at org.apache.tomcat.websocket.server.WsFilter.doFilter(WsFilter.java:51)
	at org.apache.catalina.core.ApplicationFilterChain.internalDoFilter(ApplicationFilterChain.java:178)
	at org.apache.catalina.core.ApplicationFilterChain.doFilter(ApplicationFilterChain.java:153)
	at org.springframework.web.filter.RequestContextFilter.doFilterInternal(RequestContextFilter.java:100)
	at org.springframework.web.filter.OncePerRequestFilter.doFilter(OncePerRequestFilter.java:117)
	at org.apache.catalina.core.ApplicationFilterChain.internalDoFilter(ApplicationFilterChain.java:178)
	at org.apache.catalina.core.ApplicationFilterChain.doFilter(ApplicationFilterChain.java:153)
	at org.springframework.web.filter.FormContentFilter.doFilterInternal(FormContentFilter.java:93)
	at org.springframework.web.filter.OncePerRequestFilter.doFilter(OncePerRequestFilter.java:117)
	at org.apache.catalina.core.ApplicationFilterChain.internalDoFilter(ApplicationFilterChain.java:178)
	at org.apache.catalina.core.ApplicationFilterChain.doFilter(ApplicationFilterChain.java:153)
	at org.springframework.web.filter.CharacterEncodingFilter.doFilterInternal(CharacterEncodingFilter.java:201)
	at org.springframework.web.filter.OncePerRequestFilter.doFilter(OncePerRequestFilter.java:117)
	at org.apache.catalina.core.ApplicationFilterChain.internalDoFilter(ApplicationFilterChain.java:178)
	at org.apache.catalina.core.ApplicationFilterChain.doFilter(ApplicationFilterChain.java:153)
	at org.apache.catalina.core.StandardWrapperValve.invoke(StandardWrapperValve.java:167)
	at org.apache.catalina.core.StandardContextValve.invoke(StandardContextValve.java:90)
	at org.apache.catalina.authenticator.AuthenticatorBase.invoke(AuthenticatorBase.java:481)
	at org.apache.catalina.core.StandardHostValve.invoke(StandardHostValve.java:130)
	at org.apache.catalina.valves.ErrorReportValve.invoke(ErrorReportValve.java:93)
	at org.apache.catalina.core.StandardEngineValve.invoke(StandardEngineValve.java:74)
	at org.apache.catalina.connector.CoyoteAdapter.service(CoyoteAdapter.java:343)
	at org.apache.coyote.http11.Http11Processor.service(Http11Processor.java:390)
	at org.apache.coyote.AbstractProcessorLight.process(AbstractProcessorLight.java:63)
	at org.apache.coyote.AbstractProtocol$ConnectionHandler.process(AbstractProtocol.java:926)
	at org.apache.tomcat.util.net.NioEndpoint$SocketProcessor.doRun(NioEndpoint.java:1791)
	at org.apache.tomcat.util.net.SocketProcessorBase.run(SocketProcessorBase.java:52)
	at org.apache.tomcat.util.threads.ThreadPoolExecutor.runWorker(ThreadPoolExecutor.java:1191)
	at org.apache.tomcat.util.threads.ThreadPoolExecutor$Worker.run(ThreadPoolExecutor.java:659)
	at org.apache.tomcat.util.threads.TaskThread$WrappingRunnable.run(TaskThread.java:61)
	at java.base/java.lang.Thread.run(Thread.java:834)
Caused by: java.net.ConnectException: Connection timed out: connect
	at java.base/java.net.PlainSocketImpl.waitForConnect(Native Method)
	at java.base/java.net.PlainSocketImpl.socketConnect(PlainSocketImpl.java:107)
	at java.base/java.net.AbstractPlainSocketImpl.doConnect(AbstractPlainSocketImpl.java:412)
	at java.base/java.net.AbstractPlainSocketImpl.connectToAddress(AbstractPlainSocketImpl.java:255)
	at java.base/java.net.AbstractPlainSocketImpl.connect(AbstractPlainSocketImpl.java:237)
	at java.base/java.net.SocksSocketImpl.connect(SocksSocketImpl.java:392)
	at java.base/java.net.Socket.connect(Socket.java:608)
	at okhttp3.internal.platform.Platform.connectSocket(Platform.kt:128)
	at okhttp3.internal.connection.RealConnection.connectSocket(RealConnection.kt:295)
	... 75 common frames omitted
2024-12-07 14:51:09 |ERROR |http-nio-8080-exec-8 |DirectJDKLog.java:175 |org.apache.coyote.http11.Http11Processor |Error processing request
java.io.UncheckedIOException: Cannot delete C:\Users\Administrator\AppData\Local\Temp\tomcat.8080.9740516584816497507\work\Tomcat\localhost\ROOT\upload_cb0d0101_2efb_4bfb_a720_27cc2ac0e350_00000003.tmp
	at org.apache.tomcat.util.http.fileupload.disk.DiskFileItem.delete(DiskFileItem.java:431)
	at org.apache.catalina.core.ApplicationPart.delete(ApplicationPart.java:53)
	at org.apache.catalina.connector.Request.recycle(Request.java:474)
	at org.apache.catalina.connector.CoyoteAdapter.service(CoyoteAdapter.java:421)
	at org.apache.coyote.http11.Http11Processor.service(Http11Processor.java:390)
	at org.apache.coyote.AbstractProcessorLight.process(AbstractProcessorLight.java:63)
	at org.apache.coyote.AbstractProtocol$ConnectionHandler.process(AbstractProtocol.java:926)
	at org.apache.tomcat.util.net.NioEndpoint$SocketProcessor.doRun(NioEndpoint.java:1791)
	at org.apache.tomcat.util.net.SocketProcessorBase.run(SocketProcessorBase.java:52)
	at org.apache.tomcat.util.threads.ThreadPoolExecutor.runWorker(ThreadPoolExecutor.java:1191)
	at org.apache.tomcat.util.threads.ThreadPoolExecutor$Worker.run(ThreadPoolExecutor.java:659)
	at org.apache.tomcat.util.threads.TaskThread$WrappingRunnable.run(TaskThread.java:61)
	at java.base/java.lang.Thread.run(Thread.java:834)
Caused by: java.io.IOException: Cannot delete C:\Users\Administrator\AppData\Local\Temp\tomcat.8080.9740516584816497507\work\Tomcat\localhost\ROOT\upload_cb0d0101_2efb_4bfb_a720_27cc2ac0e350_00000003.tmp
	... 13 common frames omitted
2024-12-07 14:51:09 |ERROR |http-nio-8080-exec-8 |DirectJDKLog.java:175 |org.apache.coyote.http11.Http11NioProtocol |Error reading request, ignored
java.io.UncheckedIOException: Cannot delete C:\Users\Administrator\AppData\Local\Temp\tomcat.8080.9740516584816497507\work\Tomcat\localhost\ROOT\upload_cb0d0101_2efb_4bfb_a720_27cc2ac0e350_00000003.tmp
	at org.apache.tomcat.util.http.fileupload.disk.DiskFileItem.delete(DiskFileItem.java:431)
	at org.apache.catalina.core.ApplicationPart.delete(ApplicationPart.java:53)
	at org.apache.catalina.connector.Request.recycle(Request.java:474)
	at org.apache.catalina.connector.CoyoteAdapter.log(CoyoteAdapter.java:494)
	at org.apache.coyote.http11.Http11Processor.service(Http11Processor.java:420)
	at org.apache.coyote.AbstractProcessorLight.process(AbstractProcessorLight.java:63)
	at org.apache.coyote.AbstractProtocol$ConnectionHandler.process(AbstractProtocol.java:926)
	at org.apache.tomcat.util.net.NioEndpoint$SocketProcessor.doRun(NioEndpoint.java:1791)
	at org.apache.tomcat.util.net.SocketProcessorBase.run(SocketProcessorBase.java:52)
	at org.apache.tomcat.util.threads.ThreadPoolExecutor.runWorker(ThreadPoolExecutor.java:1191)
	at org.apache.tomcat.util.threads.ThreadPoolExecutor$Worker.run(ThreadPoolExecutor.java:659)
	at org.apache.tomcat.util.threads.TaskThread$WrappingRunnable.run(TaskThread.java:61)
	at java.base/java.lang.Thread.run(Thread.java:834)
Caused by: java.io.IOException: Cannot delete C:\Users\Administrator\AppData\Local\Temp\tomcat.8080.9740516584816497507\work\Tomcat\localhost\ROOT\upload_cb0d0101_2efb_4bfb_a720_27cc2ac0e350_00000003.tmp
	... 13 common frames omitted
2024-12-07 14:51:09 |ERROR |http-nio-8080-exec-8 |DirectJDKLog.java:175 |org.apache.tomcat.util.net.NioEndpoint |Error running socket processor
java.io.UncheckedIOException: Cannot delete C:\Users\Administrator\AppData\Local\Temp\tomcat.8080.9740516584816497507\work\Tomcat\localhost\ROOT\upload_cb0d0101_2efb_4bfb_a720_27cc2ac0e350_00000003.tmp
	at org.apache.tomcat.util.http.fileupload.disk.DiskFileItem.delete(DiskFileItem.java:431)
	at org.apache.catalina.core.ApplicationPart.delete(ApplicationPart.java:53)
	at org.apache.catalina.connector.Request.recycle(Request.java:474)
	at org.apache.catalina.connector.CoyoteAdapter.log(CoyoteAdapter.java:494)
	at org.apache.catalina.connector.CoyoteAdapter.checkRecycled(CoyoteAdapter.java:517)
	at org.apache.coyote.http11.Http11Processor.recycle(Http11Processor.java:1417)
	at org.apache.coyote.AbstractProtocol$ConnectionHandler.release(AbstractProtocol.java:1129)
	at org.apache.coyote.AbstractProtocol$ConnectionHandler.process(AbstractProtocol.java:1090)
	at org.apache.tomcat.util.net.NioEndpoint$SocketProcessor.doRun(NioEndpoint.java:1791)
	at org.apache.tomcat.util.net.SocketProcessorBase.run(SocketProcessorBase.java:52)
	at org.apache.tomcat.util.threads.ThreadPoolExecutor.runWorker(ThreadPoolExecutor.java:1191)
	at org.apache.tomcat.util.threads.ThreadPoolExecutor$Worker.run(ThreadPoolExecutor.java:659)
	at org.apache.tomcat.util.threads.TaskThread$WrappingRunnable.run(TaskThread.java:61)
	at java.base/java.lang.Thread.run(Thread.java:834)
Caused by: java.io.IOException: Cannot delete C:\Users\Administrator\AppData\Local\Temp\tomcat.8080.9740516584816497507\work\Tomcat\localhost\ROOT\upload_cb0d0101_2efb_4bfb_a720_27cc2ac0e350_00000003.tmp
	... 14 common frames omitted
2024-12-07 14:51:53 |ERROR |http-nio-8080-exec-1 |DirectJDKLog.java:175 |org.apache.coyote.http11.Http11Processor |Error processing request
java.io.UncheckedIOException: Cannot delete C:\Users\Administrator\AppData\Local\Temp\tomcat.8080.10283623343126902883\work\Tomcat\localhost\ROOT\upload_66fa4460_bbaf_4b87_93e4_fe869d842591_00000000.tmp
	at org.apache.tomcat.util.http.fileupload.disk.DiskFileItem.delete(DiskFileItem.java:431)
	at org.apache.catalina.core.ApplicationPart.delete(ApplicationPart.java:53)
	at org.apache.catalina.connector.Request.recycle(Request.java:474)
	at org.apache.catalina.connector.CoyoteAdapter.service(CoyoteAdapter.java:421)
	at org.apache.coyote.http11.Http11Processor.service(Http11Processor.java:390)
	at org.apache.coyote.AbstractProcessorLight.process(AbstractProcessorLight.java:63)
	at org.apache.coyote.AbstractProtocol$ConnectionHandler.process(AbstractProtocol.java:926)
	at org.apache.tomcat.util.net.NioEndpoint$SocketProcessor.doRun(NioEndpoint.java:1791)
	at org.apache.tomcat.util.net.SocketProcessorBase.run(SocketProcessorBase.java:52)
	at org.apache.tomcat.util.threads.ThreadPoolExecutor.runWorker(ThreadPoolExecutor.java:1191)
	at org.apache.tomcat.util.threads.ThreadPoolExecutor$Worker.run(ThreadPoolExecutor.java:659)
	at org.apache.tomcat.util.threads.TaskThread$WrappingRunnable.run(TaskThread.java:61)
	at java.base/java.lang.Thread.run(Thread.java:834)
Caused by: java.io.IOException: Cannot delete C:\Users\Administrator\AppData\Local\Temp\tomcat.8080.10283623343126902883\work\Tomcat\localhost\ROOT\upload_66fa4460_bbaf_4b87_93e4_fe869d842591_00000000.tmp
	... 13 common frames omitted
2024-12-07 14:51:53 |ERROR |http-nio-8080-exec-1 |DirectJDKLog.java:175 |org.apache.coyote.http11.Http11NioProtocol |Error reading request, ignored
java.io.UncheckedIOException: Cannot delete C:\Users\Administrator\AppData\Local\Temp\tomcat.8080.10283623343126902883\work\Tomcat\localhost\ROOT\upload_66fa4460_bbaf_4b87_93e4_fe869d842591_00000000.tmp
	at org.apache.tomcat.util.http.fileupload.disk.DiskFileItem.delete(DiskFileItem.java:431)
	at org.apache.catalina.core.ApplicationPart.delete(ApplicationPart.java:53)
	at org.apache.catalina.connector.Request.recycle(Request.java:474)
	at org.apache.catalina.connector.CoyoteAdapter.log(CoyoteAdapter.java:494)
	at org.apache.coyote.http11.Http11Processor.service(Http11Processor.java:420)
	at org.apache.coyote.AbstractProcessorLight.process(AbstractProcessorLight.java:63)
	at org.apache.coyote.AbstractProtocol$ConnectionHandler.process(AbstractProtocol.java:926)
	at org.apache.tomcat.util.net.NioEndpoint$SocketProcessor.doRun(NioEndpoint.java:1791)
	at org.apache.tomcat.util.net.SocketProcessorBase.run(SocketProcessorBase.java:52)
	at org.apache.tomcat.util.threads.ThreadPoolExecutor.runWorker(ThreadPoolExecutor.java:1191)
	at org.apache.tomcat.util.threads.ThreadPoolExecutor$Worker.run(ThreadPoolExecutor.java:659)
	at org.apache.tomcat.util.threads.TaskThread$WrappingRunnable.run(TaskThread.java:61)
	at java.base/java.lang.Thread.run(Thread.java:834)
Caused by: java.io.IOException: Cannot delete C:\Users\Administrator\AppData\Local\Temp\tomcat.8080.10283623343126902883\work\Tomcat\localhost\ROOT\upload_66fa4460_bbaf_4b87_93e4_fe869d842591_00000000.tmp
	... 13 common frames omitted
2024-12-07 14:51:53 |ERROR |http-nio-8080-exec-1 |DirectJDKLog.java:175 |org.apache.tomcat.util.net.NioEndpoint |Error running socket processor
java.io.UncheckedIOException: Cannot delete C:\Users\Administrator\AppData\Local\Temp\tomcat.8080.10283623343126902883\work\Tomcat\localhost\ROOT\upload_66fa4460_bbaf_4b87_93e4_fe869d842591_00000000.tmp
	at org.apache.tomcat.util.http.fileupload.disk.DiskFileItem.delete(DiskFileItem.java:431)
	at org.apache.catalina.core.ApplicationPart.delete(ApplicationPart.java:53)
	at org.apache.catalina.connector.Request.recycle(Request.java:474)
	at org.apache.catalina.connector.CoyoteAdapter.log(CoyoteAdapter.java:494)
	at org.apache.catalina.connector.CoyoteAdapter.checkRecycled(CoyoteAdapter.java:517)
	at org.apache.coyote.http11.Http11Processor.recycle(Http11Processor.java:1417)
	at org.apache.coyote.AbstractProtocol$ConnectionHandler.release(AbstractProtocol.java:1129)
	at org.apache.coyote.AbstractProtocol$ConnectionHandler.process(AbstractProtocol.java:1090)
	at org.apache.tomcat.util.net.NioEndpoint$SocketProcessor.doRun(NioEndpoint.java:1791)
	at org.apache.tomcat.util.net.SocketProcessorBase.run(SocketProcessorBase.java:52)
	at org.apache.tomcat.util.threads.ThreadPoolExecutor.runWorker(ThreadPoolExecutor.java:1191)
	at org.apache.tomcat.util.threads.ThreadPoolExecutor$Worker.run(ThreadPoolExecutor.java:659)
	at org.apache.tomcat.util.threads.TaskThread$WrappingRunnable.run(TaskThread.java:61)
	at java.base/java.lang.Thread.run(Thread.java:834)
Caused by: java.io.IOException: Cannot delete C:\Users\Administrator\AppData\Local\Temp\tomcat.8080.10283623343126902883\work\Tomcat\localhost\ROOT\upload_66fa4460_bbaf_4b87_93e4_fe869d842591_00000000.tmp
	... 14 common frames omitted
2024-12-07 14:52:15 |ERROR |http-nio-8080-exec-6 |DirectJDKLog.java:175 |org.apache.coyote.http11.Http11Processor |Error processing request
java.io.UncheckedIOException: Cannot delete C:\Users\Administrator\AppData\Local\Temp\tomcat.8080.10283623343126902883\work\Tomcat\localhost\ROOT\upload_66fa4460_bbaf_4b87_93e4_fe869d842591_00000001.tmp
	at org.apache.tomcat.util.http.fileupload.disk.DiskFileItem.delete(DiskFileItem.java:431)
	at org.apache.catalina.core.ApplicationPart.delete(ApplicationPart.java:53)
	at org.apache.catalina.connector.Request.recycle(Request.java:474)
	at org.apache.catalina.connector.CoyoteAdapter.service(CoyoteAdapter.java:421)
	at org.apache.coyote.http11.Http11Processor.service(Http11Processor.java:390)
	at org.apache.coyote.AbstractProcessorLight.process(AbstractProcessorLight.java:63)
	at org.apache.coyote.AbstractProtocol$ConnectionHandler.process(AbstractProtocol.java:926)
	at org.apache.tomcat.util.net.NioEndpoint$SocketProcessor.doRun(NioEndpoint.java:1791)
	at org.apache.tomcat.util.net.SocketProcessorBase.run(SocketProcessorBase.java:52)
	at org.apache.tomcat.util.threads.ThreadPoolExecutor.runWorker(ThreadPoolExecutor.java:1191)
	at org.apache.tomcat.util.threads.ThreadPoolExecutor$Worker.run(ThreadPoolExecutor.java:659)
	at org.apache.tomcat.util.threads.TaskThread$WrappingRunnable.run(TaskThread.java:61)
	at java.base/java.lang.Thread.run(Thread.java:834)
Caused by: java.io.IOException: Cannot delete C:\Users\Administrator\AppData\Local\Temp\tomcat.8080.10283623343126902883\work\Tomcat\localhost\ROOT\upload_66fa4460_bbaf_4b87_93e4_fe869d842591_00000001.tmp
	... 13 common frames omitted
2024-12-07 14:52:15 |ERROR |http-nio-8080-exec-6 |DirectJDKLog.java:175 |org.apache.coyote.http11.Http11NioProtocol |Error reading request, ignored
java.io.UncheckedIOException: Cannot delete C:\Users\Administrator\AppData\Local\Temp\tomcat.8080.10283623343126902883\work\Tomcat\localhost\ROOT\upload_66fa4460_bbaf_4b87_93e4_fe869d842591_00000001.tmp
	at org.apache.tomcat.util.http.fileupload.disk.DiskFileItem.delete(DiskFileItem.java:431)
	at org.apache.catalina.core.ApplicationPart.delete(ApplicationPart.java:53)
	at org.apache.catalina.connector.Request.recycle(Request.java:474)
	at org.apache.catalina.connector.CoyoteAdapter.log(CoyoteAdapter.java:494)
	at org.apache.coyote.http11.Http11Processor.service(Http11Processor.java:420)
	at org.apache.coyote.AbstractProcessorLight.process(AbstractProcessorLight.java:63)
	at org.apache.coyote.AbstractProtocol$ConnectionHandler.process(AbstractProtocol.java:926)
	at org.apache.tomcat.util.net.NioEndpoint$SocketProcessor.doRun(NioEndpoint.java:1791)
	at org.apache.tomcat.util.net.SocketProcessorBase.run(SocketProcessorBase.java:52)
	at org.apache.tomcat.util.threads.ThreadPoolExecutor.runWorker(ThreadPoolExecutor.java:1191)
	at org.apache.tomcat.util.threads.ThreadPoolExecutor$Worker.run(ThreadPoolExecutor.java:659)
	at org.apache.tomcat.util.threads.TaskThread$WrappingRunnable.run(TaskThread.java:61)
	at java.base/java.lang.Thread.run(Thread.java:834)
Caused by: java.io.IOException: Cannot delete C:\Users\Administrator\AppData\Local\Temp\tomcat.8080.10283623343126902883\work\Tomcat\localhost\ROOT\upload_66fa4460_bbaf_4b87_93e4_fe869d842591_00000001.tmp
	... 13 common frames omitted
2024-12-07 14:52:15 |ERROR |http-nio-8080-exec-6 |DirectJDKLog.java:175 |org.apache.tomcat.util.net.NioEndpoint |Error running socket processor
java.io.UncheckedIOException: Cannot delete C:\Users\Administrator\AppData\Local\Temp\tomcat.8080.10283623343126902883\work\Tomcat\localhost\ROOT\upload_66fa4460_bbaf_4b87_93e4_fe869d842591_00000001.tmp
	at org.apache.tomcat.util.http.fileupload.disk.DiskFileItem.delete(DiskFileItem.java:431)
	at org.apache.catalina.core.ApplicationPart.delete(ApplicationPart.java:53)
	at org.apache.catalina.connector.Request.recycle(Request.java:474)
	at org.apache.catalina.connector.CoyoteAdapter.log(CoyoteAdapter.java:494)
	at org.apache.catalina.connector.CoyoteAdapter.checkRecycled(CoyoteAdapter.java:517)
	at org.apache.coyote.http11.Http11Processor.recycle(Http11Processor.java:1417)
	at org.apache.coyote.AbstractProtocol$ConnectionHandler.release(AbstractProtocol.java:1129)
	at org.apache.coyote.AbstractProtocol$ConnectionHandler.process(AbstractProtocol.java:1090)
	at org.apache.tomcat.util.net.NioEndpoint$SocketProcessor.doRun(NioEndpoint.java:1791)
	at org.apache.tomcat.util.net.SocketProcessorBase.run(SocketProcessorBase.java:52)
	at org.apache.tomcat.util.threads.ThreadPoolExecutor.runWorker(ThreadPoolExecutor.java:1191)
	at org.apache.tomcat.util.threads.ThreadPoolExecutor$Worker.run(ThreadPoolExecutor.java:659)
	at org.apache.tomcat.util.threads.TaskThread$WrappingRunnable.run(TaskThread.java:61)
	at java.base/java.lang.Thread.run(Thread.java:834)
Caused by: java.io.IOException: Cannot delete C:\Users\Administrator\AppData\Local\Temp\tomcat.8080.10283623343126902883\work\Tomcat\localhost\ROOT\upload_66fa4460_bbaf_4b87_93e4_fe869d842591_00000001.tmp
	... 14 common frames omitted
2024-12-07 14:52:25 |ERROR |http-nio-8080-exec-10 |DirectJDKLog.java:175 |org.apache.coyote.http11.Http11Processor |Error processing request
java.io.UncheckedIOException: Cannot delete C:\Users\Administrator\AppData\Local\Temp\tomcat.8080.10283623343126902883\work\Tomcat\localhost\ROOT\upload_66fa4460_bbaf_4b87_93e4_fe869d842591_00000002.tmp
	at org.apache.tomcat.util.http.fileupload.disk.DiskFileItem.delete(DiskFileItem.java:431)
	at org.apache.catalina.core.ApplicationPart.delete(ApplicationPart.java:53)
	at org.apache.catalina.connector.Request.recycle(Request.java:474)
	at org.apache.catalina.connector.CoyoteAdapter.service(CoyoteAdapter.java:421)
	at org.apache.coyote.http11.Http11Processor.service(Http11Processor.java:390)
	at org.apache.coyote.AbstractProcessorLight.process(AbstractProcessorLight.java:63)
	at org.apache.coyote.AbstractProtocol$ConnectionHandler.process(AbstractProtocol.java:926)
	at org.apache.tomcat.util.net.NioEndpoint$SocketProcessor.doRun(NioEndpoint.java:1791)
	at org.apache.tomcat.util.net.SocketProcessorBase.run(SocketProcessorBase.java:52)
	at org.apache.tomcat.util.threads.ThreadPoolExecutor.runWorker(ThreadPoolExecutor.java:1191)
	at org.apache.tomcat.util.threads.ThreadPoolExecutor$Worker.run(ThreadPoolExecutor.java:659)
	at org.apache.tomcat.util.threads.TaskThread$WrappingRunnable.run(TaskThread.java:61)
	at java.base/java.lang.Thread.run(Thread.java:834)
Caused by: java.io.IOException: Cannot delete C:\Users\Administrator\AppData\Local\Temp\tomcat.8080.10283623343126902883\work\Tomcat\localhost\ROOT\upload_66fa4460_bbaf_4b87_93e4_fe869d842591_00000002.tmp
	... 13 common frames omitted
2024-12-07 14:52:25 |ERROR |http-nio-8080-exec-10 |DirectJDKLog.java:175 |org.apache.coyote.http11.Http11NioProtocol |Error reading request, ignored
java.io.UncheckedIOException: Cannot delete C:\Users\Administrator\AppData\Local\Temp\tomcat.8080.10283623343126902883\work\Tomcat\localhost\ROOT\upload_66fa4460_bbaf_4b87_93e4_fe869d842591_00000002.tmp
	at org.apache.tomcat.util.http.fileupload.disk.DiskFileItem.delete(DiskFileItem.java:431)
	at org.apache.catalina.core.ApplicationPart.delete(ApplicationPart.java:53)
	at org.apache.catalina.connector.Request.recycle(Request.java:474)
	at org.apache.catalina.connector.CoyoteAdapter.log(CoyoteAdapter.java:494)
	at org.apache.coyote.http11.Http11Processor.service(Http11Processor.java:420)
	at org.apache.coyote.AbstractProcessorLight.process(AbstractProcessorLight.java:63)
	at org.apache.coyote.AbstractProtocol$ConnectionHandler.process(AbstractProtocol.java:926)
	at org.apache.tomcat.util.net.NioEndpoint$SocketProcessor.doRun(NioEndpoint.java:1791)
	at org.apache.tomcat.util.net.SocketProcessorBase.run(SocketProcessorBase.java:52)
	at org.apache.tomcat.util.threads.ThreadPoolExecutor.runWorker(ThreadPoolExecutor.java:1191)
	at org.apache.tomcat.util.threads.ThreadPoolExecutor$Worker.run(ThreadPoolExecutor.java:659)
	at org.apache.tomcat.util.threads.TaskThread$WrappingRunnable.run(TaskThread.java:61)
	at java.base/java.lang.Thread.run(Thread.java:834)
Caused by: java.io.IOException: Cannot delete C:\Users\Administrator\AppData\Local\Temp\tomcat.8080.10283623343126902883\work\Tomcat\localhost\ROOT\upload_66fa4460_bbaf_4b87_93e4_fe869d842591_00000002.tmp
	... 13 common frames omitted
2024-12-07 14:52:25 |ERROR |http-nio-8080-exec-10 |DirectJDKLog.java:175 |org.apache.tomcat.util.net.NioEndpoint |Error running socket processor
java.io.UncheckedIOException: Cannot delete C:\Users\Administrator\AppData\Local\Temp\tomcat.8080.10283623343126902883\work\Tomcat\localhost\ROOT\upload_66fa4460_bbaf_4b87_93e4_fe869d842591_00000002.tmp
	at org.apache.tomcat.util.http.fileupload.disk.DiskFileItem.delete(DiskFileItem.java:431)
	at org.apache.catalina.core.ApplicationPart.delete(ApplicationPart.java:53)
	at org.apache.catalina.connector.Request.recycle(Request.java:474)
	at org.apache.catalina.connector.CoyoteAdapter.log(CoyoteAdapter.java:494)
	at org.apache.catalina.connector.CoyoteAdapter.checkRecycled(CoyoteAdapter.java:517)
	at org.apache.coyote.http11.Http11Processor.recycle(Http11Processor.java:1417)
	at org.apache.coyote.AbstractProtocol$ConnectionHandler.release(AbstractProtocol.java:1129)
	at org.apache.coyote.AbstractProtocol$ConnectionHandler.process(AbstractProtocol.java:1090)
	at org.apache.tomcat.util.net.NioEndpoint$SocketProcessor.doRun(NioEndpoint.java:1791)
	at org.apache.tomcat.util.net.SocketProcessorBase.run(SocketProcessorBase.java:52)
	at org.apache.tomcat.util.threads.ThreadPoolExecutor.runWorker(ThreadPoolExecutor.java:1191)
	at org.apache.tomcat.util.threads.ThreadPoolExecutor$Worker.run(ThreadPoolExecutor.java:659)
	at org.apache.tomcat.util.threads.TaskThread$WrappingRunnable.run(TaskThread.java:61)
	at java.base/java.lang.Thread.run(Thread.java:834)
Caused by: java.io.IOException: Cannot delete C:\Users\Administrator\AppData\Local\Temp\tomcat.8080.10283623343126902883\work\Tomcat\localhost\ROOT\upload_66fa4460_bbaf_4b87_93e4_fe869d842591_00000002.tmp
	... 14 common frames omitted
